Build started 2017/11/21 19:42:51.
     1>Project "D:\deskD\vsTemplate\vsUTF8Template\vsUTF8Template\vsUTF8Template.vcxproj" on node 2 (Build target(s)).
     1>ClCompile:
         C:\Program Files (x86)\Microsoft Visual Studio 12.0\VC\bin\CL.exe /c /I./include /Zi /nologo /W3 /WX- /sdl /O2 /Oi /Oy- /GL /D WIN32 /D NDEBUG /D _CONSOLE /D _LIB /D _UNICODE /D UNICODE /Gm- /EHsc /MD /GS /Gy /fp:precise /Zc:wchar_t /Zc:forScope /Yu"stdafx.h" /Fp"Release\vsUTF8Template.pch" /Fo"Release\\" /Fd"Release\vc120.pdb" /Gd /TP /analyze- /errorReport:prompt vsUTF8Template.cpp
         vsUTF8Template.cpp
       Link:
         C:\Program Files (x86)\Microsoft Visual Studio 12.0\VC\bin\link.exe /ERRORREPORT:PROMPT /OUT:"D:\deskD\vsTemplate\vsUTF8Template\Release\vsUTF8Template.exe" /INCREMENTAL:NO /NOLOGO /LIBPATH:./lib libcurl.lib kernel32.lib user32.lib gdi32.lib winspool.lib comdlg32.lib advapi32.lib shell32.lib ole32.lib oleaut32.lib uuid.lib odbc32.lib odbccp32.lib /MANIFEST /MANIFESTUAC:"level='asInvoker' uiAccess='false'" /manifest:embed /DEBUG /PDB:"D:\deskD\vsTemplate\vsUTF8Template\Release\vsUTF8Template.pdb" /SUBSYSTEM:CONSOLE /OPT:REF /OPT:ICF /LTCG /TLBID:1 /DYNAMICBASE /NXCOMPAT /IMPLIB:"D:\deskD\vsTemplate\vsUTF8Template\Release\vsUTF8Template.lib" /MACHINE:X86 /SAFESEH Release\stdafx.obj
         Release\vsUTF8Template.obj
     1>vsUTF8Template.obj : error LNK2001: unresolved external symbol _cJSON_Parse@4
     1>vsUTF8Template.obj : error LNK2001: unresolved external symbol _cJSON_Print@4
     1>D:\deskD\vsTemplate\vsUTF8Template\Release\vsUTF8Template.exe : fatal error LNK1120: 2 unresolved externals
     1>Done Building Project "D:\deskD\vsTemplate\vsUTF8Template\vsUTF8Template\vsUTF8Template.vcxproj" (Build target(s)) -- FAILED.

Build FAILED.

Time Elapsed 00:00:00.68
